# Logfile created on 2025-06-16 00:07:59 +0200 by logger.rb/v1.7.0
I, [2025-06-16T00:07:58.999080 #2536]  INFO -- : File uploaded: 9tsp9neS from ::1
I, [2025-06-16T00:08:18.123011 #2541]  INFO -- : File downloaded: 9tsp9neS from ::1
I, [2025-06-16T00:54:01.060279 #2541]  INFO -- : File downloaded: 9tsp9neS from ::1
I, [2025-06-16T06:07:29.497576 #2541]  INFO -- : File uploaded: 9Rd3CbJP from 127.0.0.1
I, [2025-06-16T06:07:40.322306 #2541]  INFO -- : File downloaded: 9Rd3CbJP from 127.0.0.1
I, [2025-06-16T06:22:19.016954 #14988]  INFO -- : File downloaded: 9Rd3CbJP from 127.0.0.1
I, [2025-06-16T06:23:15.301842 #2541]  INFO -- : File downloaded: 9Rd3CbJP from 127.0.0.1
I, [2025-06-16T06:27:30.222255 #14988]  INFO -- : File downloaded: 9Rd3CbJP from 127.0.0.1
I, [2025-06-16T06:29:08.266347 #14988]  INFO -- : File downloaded: 9Rd3CbJP from 127.0.0.1
I, [2025-06-16T06:33:07.568291 #14988]  INFO -- : File downloaded: 9Rd3CbJP from 127.0.0.1
I, [2025-06-16T15:54:17.030587 #17827]  INFO -- : File uploaded: wHdoZxc6 from 127.0.0.1
I, [2025-06-16T15:54:26.105642 #17827]  INFO -- : File downloaded: wHdoZxc6 from 127.0.0.1
I, [2025-06-16T16:18:47.191988 #17834]  INFO -- : File downloaded: wHdoZxc6 from 127.0.0.1
E, [2025-06-19T14:51:25.606782 #968] ERROR -- : Upload error: uninitialized constant #<Class:FileStorage>::MAX_FILE_SIZE
/home/shayan/encryptor-frontend/backend/lib/file_storage.rb:35:in 'FileStorage.validate_file'
/home/shayan/encryptor-frontend/backend/app.rb:267:in 'block (3 levels) in <class:EncryptorAPI>'
/home/shayan/encryptor-frontend/backend/vendor/bundle/ruby/3.4.0/gems/roda-3.93.0/lib/roda/plugins/_optimized_matching.rb:140:in 'block in Roda::RodaPlugins::OptimizedMatching::RequestMethods#_is1'
/home/shayan/encryptor-frontend/backend/vendor/bundle/ruby/3.4.0/gems/roda-3.93.0/lib/roda/request.rb:527:in 'Roda::RodaPlugins::Base::RequestMethods#always'
/home/shayan/encryptor-frontend/backend/vendor/bundle/ruby/3.4.0/gems/roda-3.93.0/lib/roda/plugins/_optimized_matching.rb:140:in 'Roda::RodaPlugins::OptimizedMatching::RequestMethods#_is1'
/home/shayan/encryptor-frontend/backend/vendor/bundle/ruby/3.4.0/gems/roda-3.93.0/lib/roda/plugins/_optimized_matching.rb:126:in 'Roda::RodaPlugins::OptimizedMatching::RequestMethods#_verb'
/home/shayan/encryptor-frontend/backend/vendor/bundle/ruby/3.4.0/gems/roda-3.93.0/lib/roda/request.rb:273:in 'Roda::RodaPlugins::Base::RequestMethods#post'
/home/shayan/encryptor-frontend/backend/app.rb:235:in 'block (2 levels) in <class:EncryptorAPI>'
/home/shayan/encryptor-frontend/backend/vendor/bundle/ruby/3.4.0/gems/roda-3.93.0/lib/roda/plugins/_optimized_matching.rb:41:in 'block in Roda::RodaPlugins::OptimizedMatching::RequestMethods#on'
/home/shayan/encryptor-frontend/backend/vendor/bundle/ruby/3.4.0/gems/roda-3.93.0/lib/roda/request.rb:527:in 'Roda::RodaPlugins::Base::RequestMethods#always'
/home/shayan/encryptor-frontend/backend/vendor/bundle/ruby/3.4.0/gems/roda-3.93.0/lib/roda/plugins/_optimized_matching.rb:41:in 'Roda::RodaPlugins::OptimizedMatching::RequestMethods#on'
/home/shayan/encryptor-frontend/backend/app.rb:90:in 'block in <class:EncryptorAPI>'
/home/shayan/encryptor-frontend/backend/vendor/bundle/ruby/3.4.0/gems/roda-3.93.0/lib/roda.rb:522:in 'Roda::RodaPlugins::Base::InstanceMethods#_roda_run_main_route'
/home/shayan/encryptor-frontend/backend/vendor/bundle/ruby/3.4.0/gems/roda-3.93.0/lib/roda/plugins/_before_hook.rb:27:in 'Roda::RodaPlugins::BeforeHook::InstanceMethods#_roda_run_main_route'
/home/shayan/encryptor-frontend/backend/vendor/bundle/ruby/3.4.0/gems/roda-3.93.0/lib/roda.rb:500:in 'block in Roda::RodaPlugins::Base::InstanceMethods#_roda_handle_main_route'
/home/shayan/encryptor-frontend/backend/vendor/bundle/ruby/3.4.0/gems/roda-3.93.0/lib/roda.rb:498:in 'Kernel#catch'
/home/shayan/encryptor-frontend/backend/vendor/bundle/ruby/3.4.0/gems/roda-3.93.0/lib/roda.rb:498:in 'Roda::RodaPlugins::Base::InstanceMethods#_roda_handle_main_route'
/home/shayan/encryptor-frontend/backend/vendor/bundle/ruby/3.4.0/gems/roda-3.93.0/lib/roda/plugins/direct_call.rb:18:in 'Roda::RodaPlugins::DirectCall::ClassMethods#call'
/home/shayan/encryptor-frontend/backend/lib/secure_logger_middleware.rb:18:in 'SecureLoggerMiddleware#call'
/home/shayan/encryptor-frontend/backend/vendor/bundle/ruby/3.4.0/gems/rack-3.1.16/lib/rack/tempfile_reaper.rb:20:in 'Rack::TempfileReaper#call'
/home/shayan/encryptor-frontend/backend/vendor/bundle/ruby/3.4.0/gems/rack-3.1.16/lib/rack/lint.rb:66:in 'Rack::Lint::Wrapper#response'
/home/shayan/encryptor-frontend/backend/vendor/bundle/ruby/3.4.0/gems/rack-3.1.16/lib/rack/lint.rb:41:in 'Rack::Lint#call'
/home/shayan/encryptor-frontend/backend/vendor/bundle/ruby/3.4.0/gems/rack-3.1.16/lib/rack/show_exceptions.rb:31:in 'Rack::ShowExceptions#call'
/home/shayan/encryptor-frontend/backend/vendor/bundle/ruby/3.4.0/gems/rack-3.1.16/lib/rack/common_logger.rb:43:in 'Rack::CommonLogger#call'
/home/shayan/encryptor-frontend/backend/vendor/bundle/ruby/3.4.0/gems/rack-3.1.16/lib/rack/content_length.rb:20:in 'Rack::ContentLength#call'
/home/shayan/encryptor-frontend/backend/vendor/bundle/ruby/3.4.0/gems/puma-6.6.0/lib/puma/configuration.rb:279:in 'Puma::Configuration::ConfigMiddleware#call'
/home/shayan/encryptor-frontend/backend/vendor/bundle/ruby/3.4.0/gems/puma-6.6.0/lib/puma/request.rb:99:in 'block in Puma::Request#handle_request'
/home/shayan/encryptor-frontend/backend/vendor/bundle/ruby/3.4.0/gems/puma-6.6.0/lib/puma/thread_pool.rb:390:in 'Puma::ThreadPool#with_force_shutdown'
/home/shayan/encryptor-frontend/backend/vendor/bundle/ruby/3.4.0/gems/puma-6.6.0/lib/puma/request.rb:98:in 'Puma::Request#handle_request'
/home/shayan/encryptor-frontend/backend/vendor/bundle/ruby/3.4.0/gems/puma-6.6.0/lib/puma/server.rb:472:in 'Puma::Server#process_client'
/home/shayan/encryptor-frontend/backend/vendor/bundle/ruby/3.4.0/gems/puma-6.6.0/lib/puma/server.rb:254:in 'block in Puma::Server#run'
/home/shayan/encryptor-frontend/backend/vendor/bundle/ruby/3.4.0/gems/puma-6.6.0/lib/puma/thread_pool.rb:167:in 'block in Puma::ThreadPool#spawn_thread'
E, [2025-06-19T14:52:23.497050 #7295] ERROR -- : Upload error: uninitialized constant #<Class:FileStorage>::MAX_FILE_SIZE
/home/shayan/encryptor-frontend/backend/lib/file_storage.rb:35:in 'FileStorage.validate_file'
/home/shayan/encryptor-frontend/backend/app.rb:267:in 'block (3 levels) in <class:EncryptorAPI>'
/home/shayan/encryptor-frontend/backend/vendor/bundle/ruby/3.4.0/gems/roda-3.93.0/lib/roda/plugins/_optimized_matching.rb:140:in 'block in Roda::RodaPlugins::OptimizedMatching::RequestMethods#_is1'
/home/shayan/encryptor-frontend/backend/vendor/bundle/ruby/3.4.0/gems/roda-3.93.0/lib/roda/request.rb:527:in 'Roda::RodaPlugins::Base::RequestMethods#always'
/home/shayan/encryptor-frontend/backend/vendor/bundle/ruby/3.4.0/gems/roda-3.93.0/lib/roda/plugins/_optimized_matching.rb:140:in 'Roda::RodaPlugins::OptimizedMatching::RequestMethods#_is1'
/home/shayan/encryptor-frontend/backend/vendor/bundle/ruby/3.4.0/gems/roda-3.93.0/lib/roda/plugins/_optimized_matching.rb:126:in 'Roda::RodaPlugins::OptimizedMatching::RequestMethods#_verb'
/home/shayan/encryptor-frontend/backend/vendor/bundle/ruby/3.4.0/gems/roda-3.93.0/lib/roda/request.rb:273:in 'Roda::RodaPlugins::Base::RequestMethods#post'
/home/shayan/encryptor-frontend/backend/app.rb:235:in 'block (2 levels) in <class:EncryptorAPI>'
/home/shayan/encryptor-frontend/backend/vendor/bundle/ruby/3.4.0/gems/roda-3.93.0/lib/roda/plugins/_optimized_matching.rb:41:in 'block in Roda::RodaPlugins::OptimizedMatching::RequestMethods#on'
/home/shayan/encryptor-frontend/backend/vendor/bundle/ruby/3.4.0/gems/roda-3.93.0/lib/roda/request.rb:527:in 'Roda::RodaPlugins::Base::RequestMethods#always'
/home/shayan/encryptor-frontend/backend/vendor/bundle/ruby/3.4.0/gems/roda-3.93.0/lib/roda/plugins/_optimized_matching.rb:41:in 'Roda::RodaPlugins::OptimizedMatching::RequestMethods#on'
/home/shayan/encryptor-frontend/backend/app.rb:90:in 'block in <class:EncryptorAPI>'
/home/shayan/encryptor-frontend/backend/vendor/bundle/ruby/3.4.0/gems/roda-3.93.0/lib/roda.rb:522:in 'Roda::RodaPlugins::Base::InstanceMethods#_roda_run_main_route'
/home/shayan/encryptor-frontend/backend/vendor/bundle/ruby/3.4.0/gems/roda-3.93.0/lib/roda/plugins/_before_hook.rb:27:in 'Roda::RodaPlugins::BeforeHook::InstanceMethods#_roda_run_main_route'
/home/shayan/encryptor-frontend/backend/vendor/bundle/ruby/3.4.0/gems/roda-3.93.0/lib/roda.rb:500:in 'block in Roda::RodaPlugins::Base::InstanceMethods#_roda_handle_main_route'
/home/shayan/encryptor-frontend/backend/vendor/bundle/ruby/3.4.0/gems/roda-3.93.0/lib/roda.rb:498:in 'Kernel#catch'
/home/shayan/encryptor-frontend/backend/vendor/bundle/ruby/3.4.0/gems/roda-3.93.0/lib/roda.rb:498:in 'Roda::RodaPlugins::Base::InstanceMethods#_roda_handle_main_route'
/home/shayan/encryptor-frontend/backend/vendor/bundle/ruby/3.4.0/gems/roda-3.93.0/lib/roda/plugins/direct_call.rb:18:in 'Roda::RodaPlugins::DirectCall::ClassMethods#call'
/home/shayan/encryptor-frontend/backend/lib/secure_logger_middleware.rb:18:in 'SecureLoggerMiddleware#call'
/home/shayan/encryptor-frontend/backend/vendor/bundle/ruby/3.4.0/gems/rack-3.1.16/lib/rack/tempfile_reaper.rb:20:in 'Rack::TempfileReaper#call'
/home/shayan/encryptor-frontend/backend/vendor/bundle/ruby/3.4.0/gems/rack-3.1.16/lib/rack/lint.rb:66:in 'Rack::Lint::Wrapper#response'
/home/shayan/encryptor-frontend/backend/vendor/bundle/ruby/3.4.0/gems/rack-3.1.16/lib/rack/lint.rb:41:in 'Rack::Lint#call'
/home/shayan/encryptor-frontend/backend/vendor/bundle/ruby/3.4.0/gems/rack-3.1.16/lib/rack/show_exceptions.rb:31:in 'Rack::ShowExceptions#call'
/home/shayan/encryptor-frontend/backend/vendor/bundle/ruby/3.4.0/gems/rack-3.1.16/lib/rack/common_logger.rb:43:in 'Rack::CommonLogger#call'
/home/shayan/encryptor-frontend/backend/vendor/bundle/ruby/3.4.0/gems/rack-3.1.16/lib/rack/content_length.rb:20:in 'Rack::ContentLength#call'
/home/shayan/encryptor-frontend/backend/vendor/bundle/ruby/3.4.0/gems/puma-6.6.0/lib/puma/configuration.rb:279:in 'Puma::Configuration::ConfigMiddleware#call'
/home/shayan/encryptor-frontend/backend/vendor/bundle/ruby/3.4.0/gems/puma-6.6.0/lib/puma/request.rb:99:in 'block in Puma::Request#handle_request'
/home/shayan/encryptor-frontend/backend/vendor/bundle/ruby/3.4.0/gems/puma-6.6.0/lib/puma/thread_pool.rb:390:in 'Puma::ThreadPool#with_force_shutdown'
/home/shayan/encryptor-frontend/backend/vendor/bundle/ruby/3.4.0/gems/puma-6.6.0/lib/puma/request.rb:98:in 'Puma::Request#handle_request'
/home/shayan/encryptor-frontend/backend/vendor/bundle/ruby/3.4.0/gems/puma-6.6.0/lib/puma/server.rb:472:in 'Puma::Server#process_client'
/home/shayan/encryptor-frontend/backend/vendor/bundle/ruby/3.4.0/gems/puma-6.6.0/lib/puma/server.rb:254:in 'block in Puma::Server#run'
/home/shayan/encryptor-frontend/backend/vendor/bundle/ruby/3.4.0/gems/puma-6.6.0/lib/puma/thread_pool.rb:167:in 'block in Puma::ThreadPool#spawn_thread'
E, [2025-06-19T14:56:40.260077 #7299] ERROR -- : Upload error: uninitialized constant #<Class:FileStorage>::MAX_FILE_SIZE
/home/shayan/encryptor-frontend/backend/lib/file_storage.rb:35:in 'FileStorage.validate_file'
/home/shayan/encryptor-frontend/backend/app.rb:267:in 'block (3 levels) in <class:EncryptorAPI>'
/home/shayan/encryptor-frontend/backend/vendor/bundle/ruby/3.4.0/gems/roda-3.93.0/lib/roda/plugins/_optimized_matching.rb:140:in 'block in Roda::RodaPlugins::OptimizedMatching::RequestMethods#_is1'
/home/shayan/encryptor-frontend/backend/vendor/bundle/ruby/3.4.0/gems/roda-3.93.0/lib/roda/request.rb:527:in 'Roda::RodaPlugins::Base::RequestMethods#always'
/home/shayan/encryptor-frontend/backend/vendor/bundle/ruby/3.4.0/gems/roda-3.93.0/lib/roda/plugins/_optimized_matching.rb:140:in 'Roda::RodaPlugins::OptimizedMatching::RequestMethods#_is1'
/home/shayan/encryptor-frontend/backend/vendor/bundle/ruby/3.4.0/gems/roda-3.93.0/lib/roda/plugins/_optimized_matching.rb:126:in 'Roda::RodaPlugins::OptimizedMatching::RequestMethods#_verb'
/home/shayan/encryptor-frontend/backend/vendor/bundle/ruby/3.4.0/gems/roda-3.93.0/lib/roda/request.rb:273:in 'Roda::RodaPlugins::Base::RequestMethods#post'
/home/shayan/encryptor-frontend/backend/app.rb:235:in 'block (2 levels) in <class:EncryptorAPI>'
/home/shayan/encryptor-frontend/backend/vendor/bundle/ruby/3.4.0/gems/roda-3.93.0/lib/roda/plugins/_optimized_matching.rb:41:in 'block in Roda::RodaPlugins::OptimizedMatching::RequestMethods#on'
/home/shayan/encryptor-frontend/backend/vendor/bundle/ruby/3.4.0/gems/roda-3.93.0/lib/roda/request.rb:527:in 'Roda::RodaPlugins::Base::RequestMethods#always'
/home/shayan/encryptor-frontend/backend/vendor/bundle/ruby/3.4.0/gems/roda-3.93.0/lib/roda/plugins/_optimized_matching.rb:41:in 'Roda::RodaPlugins::OptimizedMatching::RequestMethods#on'
/home/shayan/encryptor-frontend/backend/app.rb:90:in 'block in <class:EncryptorAPI>'
/home/shayan/encryptor-frontend/backend/vendor/bundle/ruby/3.4.0/gems/roda-3.93.0/lib/roda.rb:522:in 'Roda::RodaPlugins::Base::InstanceMethods#_roda_run_main_route'
/home/shayan/encryptor-frontend/backend/vendor/bundle/ruby/3.4.0/gems/roda-3.93.0/lib/roda/plugins/_before_hook.rb:27:in 'Roda::RodaPlugins::BeforeHook::InstanceMethods#_roda_run_main_route'
/home/shayan/encryptor-frontend/backend/vendor/bundle/ruby/3.4.0/gems/roda-3.93.0/lib/roda.rb:500:in 'block in Roda::RodaPlugins::Base::InstanceMethods#_roda_handle_main_route'
/home/shayan/encryptor-frontend/backend/vendor/bundle/ruby/3.4.0/gems/roda-3.93.0/lib/roda.rb:498:in 'Kernel#catch'
/home/shayan/encryptor-frontend/backend/vendor/bundle/ruby/3.4.0/gems/roda-3.93.0/lib/roda.rb:498:in 'Roda::RodaPlugins::Base::InstanceMethods#_roda_handle_main_route'
/home/shayan/encryptor-frontend/backend/vendor/bundle/ruby/3.4.0/gems/roda-3.93.0/lib/roda/plugins/direct_call.rb:18:in 'Roda::RodaPlugins::DirectCall::ClassMethods#call'
/home/shayan/encryptor-frontend/backend/lib/secure_logger_middleware.rb:18:in 'SecureLoggerMiddleware#call'
/home/shayan/encryptor-frontend/backend/vendor/bundle/ruby/3.4.0/gems/rack-3.1.16/lib/rack/tempfile_reaper.rb:20:in 'Rack::TempfileReaper#call'
/home/shayan/encryptor-frontend/backend/vendor/bundle/ruby/3.4.0/gems/rack-3.1.16/lib/rack/lint.rb:66:in 'Rack::Lint::Wrapper#response'
/home/shayan/encryptor-frontend/backend/vendor/bundle/ruby/3.4.0/gems/rack-3.1.16/lib/rack/lint.rb:41:in 'Rack::Lint#call'
/home/shayan/encryptor-frontend/backend/vendor/bundle/ruby/3.4.0/gems/rack-3.1.16/lib/rack/show_exceptions.rb:31:in 'Rack::ShowExceptions#call'
/home/shayan/encryptor-frontend/backend/vendor/bundle/ruby/3.4.0/gems/rack-3.1.16/lib/rack/common_logger.rb:43:in 'Rack::CommonLogger#call'
/home/shayan/encryptor-frontend/backend/vendor/bundle/ruby/3.4.0/gems/rack-3.1.16/lib/rack/content_length.rb:20:in 'Rack::ContentLength#call'
/home/shayan/encryptor-frontend/backend/vendor/bundle/ruby/3.4.0/gems/puma-6.6.0/lib/puma/configuration.rb:279:in 'Puma::Configuration::ConfigMiddleware#call'
/home/shayan/encryptor-frontend/backend/vendor/bundle/ruby/3.4.0/gems/puma-6.6.0/lib/puma/request.rb:99:in 'block in Puma::Request#handle_request'
/home/shayan/encryptor-frontend/backend/vendor/bundle/ruby/3.4.0/gems/puma-6.6.0/lib/puma/thread_pool.rb:390:in 'Puma::ThreadPool#with_force_shutdown'
/home/shayan/encryptor-frontend/backend/vendor/bundle/ruby/3.4.0/gems/puma-6.6.0/lib/puma/request.rb:98:in 'Puma::Request#handle_request'
/home/shayan/encryptor-frontend/backend/vendor/bundle/ruby/3.4.0/gems/puma-6.6.0/lib/puma/server.rb:472:in 'Puma::Server#process_client'
/home/shayan/encryptor-frontend/backend/vendor/bundle/ruby/3.4.0/gems/puma-6.6.0/lib/puma/server.rb:254:in 'block in Puma::Server#run'
/home/shayan/encryptor-frontend/backend/vendor/bundle/ruby/3.4.0/gems/puma-6.6.0/lib/puma/thread_pool.rb:167:in 'block in Puma::ThreadPool#spawn_thread'
I, [2025-06-19T15:20:32.471721 #11664]  INFO -- : File uploaded: nZqpuWtC from 127.0.0.1 (user: anonymous)
I, [2025-06-19T15:20:46.899408 #11664]  INFO -- : File downloaded: nZqpuWtC from 127.0.0.1
